[1.296s] Invoking command in '/home/rasp/Desktop/Leg': DEBUGINFOD_URLS=https://debuginfod.ubuntu.com PYTHONPATH=/home/rasp/Desktop/Leg/build/Leg/prefix_override:/usr/lib/python3/dist-packages/colcon_core/task/python/colcon_distutils_commands:/home/rasp/Desktop/Leg/install/Leg/lib/python3.12/site-packages:${PYTHONPATH} /usr/bin/python3 -W ignore:setup.py install is deprecated -W ignore:easy_install command is deprecated setup.py egg_info --egg-base build/Leg build --build-base /home/rasp/Desktop/Leg/build/Leg/build install --record /home/rasp/Desktop/Leg/build/Leg/install.log --single-version-externally-managed install_data
[1.691s] running egg_info
[1.720s] writing build/Leg/Leg.egg-info/PKG-INFO
[1.722s] writing dependency_links to build/Leg/Leg.egg-info/dependency_links.txt
[1.722s] writing entry points to build/Leg/Leg.egg-info/entry_points.txt
[1.722s] writing requirements to build/Leg/Leg.egg-info/requires.txt
[1.723s] writing top-level names to build/Leg/Leg.egg-info/top_level.txt
[1.783s] reading manifest file 'build/Leg/Leg.egg-info/SOURCES.txt'
[1.784s] writing manifest file 'build/Leg/Leg.egg-info/SOURCES.txt'
[1.784s] running build
[1.784s] running build_py
[1.784s] copying Leg/action_player.py -> /home/rasp/Desktop/Leg/build/Leg/build/lib/Leg
[1.786s] running install
[1.796s] running install_lib
[1.825s] copying /home/rasp/Desktop/Leg/build/Leg/build/lib/Leg/action_player.py -> /home/rasp/Desktop/Leg/install/Leg/lib/python3.12/site-packages/Leg
[1.826s] byte-compiling /home/rasp/Desktop/Leg/install/Leg/lib/python3.12/site-packages/Leg/action_player.py to action_player.cpython-312.pyc
[1.841s] running install_data
[1.841s] running install_egg_info
[1.876s] removing '/home/rasp/Desktop/Leg/install/Leg/lib/python3.12/site-packages/Leg-0.0.0-py3.12.egg-info' (and everything under it)
[1.877s] Copying build/Leg/Leg.egg-info to /home/rasp/Desktop/Leg/install/Leg/lib/python3.12/site-packages/Leg-0.0.0-py3.12.egg-info
[1.904s] running install_scripts
[2.108s] Installing action_player script to /home/rasp/Desktop/Leg/install/Leg/lib/Leg
[2.109s] writing list of installed files to '/home/rasp/Desktop/Leg/build/Leg/install.log'
[2.194s] Invoked command in '/home/rasp/Desktop/Leg' returned '0': DEBUGINFOD_URLS=https://debuginfod.ubuntu.com PYTHONPATH=/home/rasp/Desktop/Leg/build/Leg/prefix_override:/usr/lib/python3/dist-packages/colcon_core/task/python/colcon_distutils_commands:/home/rasp/Desktop/Leg/install/Leg/lib/python3.12/site-packages:${PYTHONPATH} /usr/bin/python3 -W ignore:setup.py install is deprecated -W ignore:easy_install command is deprecated setup.py egg_info --egg-base build/Leg build --build-base /home/rasp/Desktop/Leg/build/Leg/build install --record /home/rasp/Desktop/Leg/build/Leg/install.log --single-version-externally-managed install_data
