running develop
Removing /home/rasp/Desktop/Leg/install/Leg/lib/python3.12/site-packages/Leg.egg-link (link to .)
running egg_info
writing build/Leg/Leg.egg-info/PKG-INFO
writing dependency_links to build/Leg/Leg.egg-info/dependency_links.txt
writing requirements to build/Leg/Leg.egg-info/requires.txt
writing top-level names to build/Leg/Leg.egg-info/top_level.txt
reading manifest file 'build/Leg/Leg.egg-info/SOURCES.txt'
writing manifest file 'build/Leg/Leg.egg-info/SOURCES.txt'
running build
running build_py
running install
running install_lib
creating /home/rasp/Desktop/Leg/install/Leg/lib/python3.12/site-packages/Leg
copying /home/rasp/Desktop/Leg/build/Leg/build/lib/Leg/__init__.py -> /home/rasp/Desktop/Leg/install/Leg/lib/python3.12/site-packages/Leg
byte-compiling /home/rasp/Desktop/Leg/install/Leg/lib/python3.12/site-packages/Leg/__init__.py to __init__.cpython-312.pyc
running install_data
copying resource/Leg -> /home/rasp/Desktop/Leg/install/Leg/share/ament_index/resource_index/packages
copying package.xml -> /home/rasp/Desktop/Leg/install/Leg/share/Leg
copying launch/display.launch.py -> /home/rasp/Desktop/Leg/install/Leg/share/Leg/launch
copying launch/gazebo.launch.py -> /home/rasp/Desktop/Leg/install/Leg/share/Leg/launch
copying urdf/Leg.urdf -> /home/rasp/Desktop/Leg/install/Leg/share/Leg/urdf
copying meshes/Leg_4.STL -> /home/rasp/Desktop/Leg/install/Leg/share/Leg/meshes
copying meshes/Leg_3.STL -> /home/rasp/Desktop/Leg/install/Leg/share/Leg/meshes
copying meshes/base_link.STL -> /home/rasp/Desktop/Leg/install/Leg/share/Leg/meshes
copying meshes/Leg_2.STL -> /home/rasp/Desktop/Leg/install/Leg/share/Leg/meshes
copying meshes/Leg_1.STL -> /home/rasp/Desktop/Leg/install/Leg/share/Leg/meshes
copying config/leg_controllers.yaml -> /home/rasp/Desktop/Leg/install/Leg/share/Leg/config
running install_egg_info
Copying build/Leg/Leg.egg-info to /home/rasp/Desktop/Leg/install/Leg/lib/python3.12/site-packages/Leg-0.0.0-py3.12.egg-info
running install_scripts
writing list of installed files to '/home/rasp/Desktop/Leg/build/Leg/install.log'
