running egg_info
writing build/Leg/Leg.egg-info/PKG-INFO
writing dependency_links to build/Leg/Leg.egg-info/dependency_links.txt
writing entry points to build/Leg/Leg.egg-info/entry_points.txt
writing requirements to build/Leg/Leg.egg-info/requires.txt
writing top-level names to build/Leg/Leg.egg-info/top_level.txt
reading manifest file 'build/Leg/Leg.egg-info/SOURCES.txt'
writing manifest file 'build/Leg/Leg.egg-info/SOURCES.txt'
running build
running build_py
copying Leg/action_player.py -> /home/rasp/Desktop/Leg/build/Leg/build/lib/Leg
running install
running install_lib
copying /home/rasp/Desktop/Leg/build/Leg/build/lib/Leg/action_player.py -> /home/rasp/Desktop/Leg/install/Leg/lib/python3.12/site-packages/Leg
byte-compiling /home/rasp/Desktop/Leg/install/Leg/lib/python3.12/site-packages/Leg/action_player.py to action_player.cpython-312.pyc
running install_data
running install_egg_info
removing '/home/rasp/Desktop/Leg/install/Leg/lib/python3.12/site-packages/Leg-0.0.0-py3.12.egg-info' (and everything under it)
Copying build/Leg/Leg.egg-info to /home/rasp/Desktop/Leg/install/Leg/lib/python3.12/site-packages/Leg-0.0.0-py3.12.egg-info
running install_scripts
Installing action_player script to /home/rasp/Desktop/Leg/install/Leg/lib/Leg
writing list of installed files to '/home/rasp/Desktop/Leg/build/Leg/install.log'
