[1.863s] Invoking command in '/home/rasp/Desktop/Leg/build/Leg': DEBUGINFOD_URLS=https://debuginfod.ubuntu.com PYTHONPATH=/home/rasp/Desktop/Leg/build/Leg/prefix_override:/usr/lib/python3/dist-packages/colcon_core/task/python/colcon_distutils_commands:/home/rasp/Desktop/Leg/install/Leg/lib/python3.12/site-packages:${PYTHONPATH} /usr/bin/python3 -W ignore:setup.py install is deprecated -W ignore:easy_install command is deprecated setup.py develop --editable --build-directory /home/rasp/Desktop/Leg/build/Leg/build --no-deps symlink_data --force
[2.438s] running develop
[2.724s] running egg_info
[2.751s] writing Leg.egg-info/PKG-INFO
[2.752s] writing dependency_links to Leg.egg-info/dependency_links.txt
[2.752s] writing requirements to Leg.egg-info/requires.txt
[2.752s] writing top-level names to Leg.egg-info/top_level.txt
[2.815s] reading manifest file 'Leg.egg-info/SOURCES.txt'
[2.815s] writing manifest file 'Leg.egg-info/SOURCES.txt'
[2.849s] running build_ext
[2.849s] Creating /home/rasp/Desktop/Leg/install/Leg/lib/python3.12/site-packages/Leg.egg-link (link to .)
[2.850s] 
[2.850s] Installed /home/rasp/Desktop/Leg/build/Leg
[2.850s] running symlink_data
[2.850s] symbolically linking /home/rasp/Desktop/Leg/build/Leg/resource/Leg -> /home/rasp/Desktop/Leg/install/Leg/share/ament_index/resource_index/packages
[2.850s] symbolically linking /home/rasp/Desktop/Leg/build/Leg/package.xml -> /home/rasp/Desktop/Leg/install/Leg/share/Leg
[2.850s] symbolically linking /home/rasp/Desktop/Leg/build/Leg/launch/display.launch.py -> /home/rasp/Desktop/Leg/install/Leg/share/Leg/launch
[2.850s] symbolically linking /home/rasp/Desktop/Leg/build/Leg/launch/gazebo.launch.py -> /home/rasp/Desktop/Leg/install/Leg/share/Leg/launch
[2.851s] symbolically linking /home/rasp/Desktop/Leg/build/Leg/urdf/Leg.urdf -> /home/rasp/Desktop/Leg/install/Leg/share/Leg/urdf
[2.851s] symbolically linking /home/rasp/Desktop/Leg/build/Leg/meshes/Leg_4.STL -> /home/rasp/Desktop/Leg/install/Leg/share/Leg/meshes
[2.851s] symbolically linking /home/rasp/Desktop/Leg/build/Leg/meshes/Leg_3.STL -> /home/rasp/Desktop/Leg/install/Leg/share/Leg/meshes
[2.852s] symbolically linking /home/rasp/Desktop/Leg/build/Leg/meshes/base_link.STL -> /home/rasp/Desktop/Leg/install/Leg/share/Leg/meshes
[2.853s] symbolically linking /home/rasp/Desktop/Leg/build/Leg/meshes/Leg_2.STL -> /home/rasp/Desktop/Leg/install/Leg/share/Leg/meshes
[2.853s] symbolically linking /home/rasp/Desktop/Leg/build/Leg/meshes/Leg_1.STL -> /home/rasp/Desktop/Leg/install/Leg/share/Leg/meshes
[2.855s] symbolically linking /home/rasp/Desktop/Leg/build/Leg/config/leg_controllers.yaml -> /home/rasp/Desktop/Leg/install/Leg/share/Leg/config
[2.960s] Invoked command in '/home/rasp/Desktop/Leg/build/Leg' returned '0': DEBUGINFOD_URLS=https://debuginfod.ubuntu.com PYTHONPATH=/home/rasp/Desktop/Leg/build/Leg/prefix_override:/usr/lib/python3/dist-packages/colcon_core/task/python/colcon_distutils_commands:/home/rasp/Desktop/Leg/install/Leg/lib/python3.12/site-packages:${PYTHONPATH} /usr/bin/python3 -W ignore:setup.py install is deprecated -W ignore:easy_install command is deprecated setup.py develop --editable --build-directory /home/rasp/Desktop/Leg/build/Leg/build --no-deps symlink_data --force
