[0.161s] DEBUG:colcon:Command line arguments: ['/usr/bin/colcon', 'build', '--symlink-install']
[0.161s] DEBUG:colcon:Parsed command line arguments: Namespace(log_base=None, log_level=None, verb_name='build', build_base='build', install_base='install', merge_install=False, symlink_install=True, test_result_base=None, continue_on_error=False, executor='parallel', parallel_workers=4, event_handlers=None, ignore_user_meta=False, metas=['./colcon.meta'], base_paths=['.'], packages_ignore=None, packages_ignore_regex=None, paths=None, packages_up_to=None, packages_up_to_regex=None, packages_above=None, packages_above_and_dependencies=None, packages_above_depth=None, packages_select_by_dep=None, packages_skip_by_dep=None, packages_skip_up_to=None, packages_select_build_failed=False, packages_skip_build_finished=False, packages_select_test_failures=False, packages_skip_test_passed=False, packages_select=None, packages_skip=None, packages_select_regex=None, packages_skip_regex=None, packages_start=None, packages_end=None, allow_overriding=[], cmake_args=None, cmake_target=None, cmake_target_skip_unavailable=False, cmake_clean_cache=False, cmake_clean_first=False, cmake_force_configure=False, ament_cmake_args=None, catkin_cmake_args=None, catkin_skip_building_tests=False, verb_parser=<colcon_defaults.argument_parser.defaults.DefaultArgumentsDecorator object at 0xffffb514faa0>, verb_extension=<colcon_core.verb.build.BuildVerb object at 0xffffb52f47d0>, main=<bound method BuildVerb.main of <colcon_core.verb.build.BuildVerb object at 0xffffb52f47d0>>)
[0.229s] Level 1:colcon.colcon_core.package_discovery:discover_packages(colcon_meta) check parameters
[0.229s] Level 1:colcon.colcon_core.package_discovery:discover_packages(recursive) check parameters
[0.229s] Level 1:colcon.colcon_core.package_discovery:discover_packages(ignore) check parameters
[0.229s] Level 1:colcon.colcon_core.package_discovery:discover_packages(path) check parameters
[0.229s] Level 1:colcon.colcon_core.package_discovery:discover_packages(colcon_meta) discover
[0.229s] Level 1:colcon.colcon_core.package_discovery:discover_packages(recursive) discover
[0.229s] INFO:colcon.colcon_core.package_discovery:Crawling recursively for packages in '/home/rasp/Desktop/Leg'
[0.229s] Level 1:colcon.colcon_core.package_identification:_identify(.) by extensions ['ignore', 'ignore_ament_install']
[0.230s] Level 1:colcon.colcon_core.package_identification:_identify(.) by extension 'ignore'
[0.230s] Level 1:colcon.colcon_core.package_identification:_identify(.) by extension 'ignore_ament_install'
[0.230s] Level 1:colcon.colcon_core.package_identification:_identify(.) by extensions ['colcon_pkg']
[0.230s] Level 1:colcon.colcon_core.package_identification:_identify(.) by extension 'colcon_pkg'
[0.230s] Level 1:colcon.colcon_core.package_identification:_identify(.) by extensions ['colcon_meta']
[0.230s] Level 1:colcon.colcon_core.package_identification:_identify(.) by extension 'colcon_meta'
[0.230s] Level 1:colcon.colcon_core.package_identification:_identify(.) by extensions ['ros']
[0.230s] Level 1:colcon.colcon_core.package_identification:_identify(.) by extension 'ros'
[0.279s] DEBUG:colcon.colcon_core.package_identification:Package '.' with type 'ros.ament_python' and name 'Leg'
[0.279s] Level 1:colcon.colcon_core.package_discovery:discover_packages(recursive) using defaults
[0.279s] Level 1:colcon.colcon_core.package_discovery:discover_packages(ignore) discover
[0.279s] Level 1:colcon.colcon_core.package_discovery:discover_packages(ignore) using defaults
[0.279s] Level 1:colcon.colcon_core.package_discovery:discover_packages(path) discover
[0.279s] Level 1:colcon.colcon_core.package_discovery:discover_packages(path) using defaults
[0.313s] Level 1:colcon.colcon_core.package_discovery:discover_packages(prefix_path) check parameters
[0.314s] Level 1:colcon.colcon_core.package_discovery:discover_packages(prefix_path) discover
[0.318s] DEBUG:colcon.colcon_installed_package_information.package_discovery:Found 1 installed packages in /home/rasp/Desktop/Leg/install
[0.320s] DEBUG:colcon.colcon_installed_package_information.package_discovery:Found 15 installed packages in /home/rasp/Desktop/laser/install
[0.323s] DEBUG:colcon.colcon_installed_package_information.package_discovery:Found 371 installed packages in /opt/ros/jazzy
[0.326s] Level 1:colcon.colcon_core.package_discovery:discover_packages(prefix_path) using defaults
[0.406s] Level 5:colcon.colcon_core.verb:set package 'Leg' build argument 'cmake_args' from command line to 'None'
[0.406s] Level 5:colcon.colcon_core.verb:set package 'Leg' build argument 'cmake_target' from command line to 'None'
[0.406s] Level 5:colcon.colcon_core.verb:set package 'Leg' build argument 'cmake_target_skip_unavailable' from command line to 'False'
[0.407s] Level 5:colcon.colcon_core.verb:set package 'Leg' build argument 'cmake_clean_cache' from command line to 'False'
[0.407s] Level 5:colcon.colcon_core.verb:set package 'Leg' build argument 'cmake_clean_first' from command line to 'False'
[0.407s] Level 5:colcon.colcon_core.verb:set package 'Leg' build argument 'cmake_force_configure' from command line to 'False'
[0.407s] Level 5:colcon.colcon_core.verb:set package 'Leg' build argument 'ament_cmake_args' from command line to 'None'
[0.407s] Level 5:colcon.colcon_core.verb:set package 'Leg' build argument 'catkin_cmake_args' from command line to 'None'
[0.407s] Level 5:colcon.colcon_core.verb:set package 'Leg' build argument 'catkin_skip_building_tests' from command line to 'False'
[0.407s] DEBUG:colcon.colcon_core.verb:Building package 'Leg' with the following arguments: {'ament_cmake_args': None, 'build_base': '/home/rasp/Desktop/Leg/build/Leg', 'catkin_cmake_args': None, 'catkin_skip_building_tests': False, 'cmake_args': None, 'cmake_clean_cache': False, 'cmake_clean_first': False, 'cmake_force_configure': False, 'cmake_target': None, 'cmake_target_skip_unavailable': False, 'install_base': '/home/rasp/Desktop/Leg/install/Leg', 'merge_install': False, 'path': '/home/rasp/Desktop/Leg', 'symlink_install': True, 'test_result_base': None}
[0.407s] INFO:colcon.colcon_core.executor:Executing jobs using 'parallel' executor
[0.408s] DEBUG:colcon.colcon_parallel_executor.executor.parallel:run_until_complete
[0.409s] INFO:colcon.colcon_ros.task.ament_python.build:Building ROS package in '/home/rasp/Desktop/Leg' with build type 'ament_python'
[0.409s] Level 1:colcon.colcon_core.shell:create_environment_hook('Leg', 'ament_prefix_path')
[0.412s] INFO:colcon.colcon_core.plugin_system:Skipping extension 'colcon_core.shell.bat': Not used on non-Windows systems
[0.413s] INFO:colcon.colcon_core.shell:Creating environment hook '/home/rasp/Desktop/Leg/install/Leg/share/Leg/hook/ament_prefix_path.ps1'
[0.414s] INFO:colcon.colcon_core.shell:Creating environment descriptor '/home/rasp/Desktop/Leg/install/Leg/share/Leg/hook/ament_prefix_path.dsv'
[0.420s] INFO:colcon.colcon_core.shell:Creating environment hook '/home/rasp/Desktop/Leg/install/Leg/share/Leg/hook/ament_prefix_path.sh'
[0.422s] INFO:colcon.colcon_core.shell:Skip shell extension 'powershell' for command environment: Not usable outside of PowerShell
[0.422s] DEBUG:colcon.colcon_core.shell:Skip shell extension 'dsv' for command environment
[1.065s] INFO:colcon.colcon_core.task.python.build:Building Python package in '/home/rasp/Desktop/Leg'
[1.066s] INFO:colcon.colcon_core.shell:Skip shell extension 'powershell' for command environment: Not usable outside of PowerShell
[1.066s] DEBUG:colcon.colcon_core.shell:Skip shell extension 'dsv' for command environment
[2.267s] DEBUG:colcon.colcon_core.task.python.build:While undoing a previous installation files outside the Python library path are being ignored: /home/rasp/Desktop/Leg/install/Leg/share/ament_index/resource_index/packages/Leg
[2.267s] DEBUG:colcon.colcon_core.task.python.build:While undoing a previous installation files outside the Python library path are being ignored: /home/rasp/Desktop/Leg/install/Leg/share/Leg/package.xml
[2.267s] DEBUG:colcon.colcon_core.task.python.build:While undoing a previous installation files outside the Python library path are being ignored: /home/rasp/Desktop/Leg/install/Leg/share/Leg/launch/display.launch.py
[2.267s] DEBUG:colcon.colcon_core.task.python.build:While undoing a previous installation files outside the Python library path are being ignored: /home/rasp/Desktop/Leg/install/Leg/share/Leg/launch/gazebo.launch.py
[2.267s] DEBUG:colcon.colcon_core.task.python.build:While undoing a previous installation files outside the Python library path are being ignored: /home/rasp/Desktop/Leg/install/Leg/share/Leg/urdf/Leg.urdf
[2.267s] DEBUG:colcon.colcon_core.task.python.build:While undoing a previous installation files outside the Python library path are being ignored: /home/rasp/Desktop/Leg/install/Leg/share/Leg/rviz
[2.267s] DEBUG:colcon.colcon_core.task.python.build:While undoing a previous installation files outside the Python library path are being ignored: /home/rasp/Desktop/Leg/install/Leg/share/Leg/meshes/Leg_4.STL
[2.267s] DEBUG:colcon.colcon_core.task.python.build:While undoing a previous installation files outside the Python library path are being ignored: /home/rasp/Desktop/Leg/install/Leg/share/Leg/meshes/Leg_3.STL
[2.267s] DEBUG:colcon.colcon_core.task.python.build:While undoing a previous installation files outside the Python library path are being ignored: /home/rasp/Desktop/Leg/install/Leg/share/Leg/meshes/base_link.STL
[2.268s] DEBUG:colcon.colcon_core.task.python.build:While undoing a previous installation files outside the Python library path are being ignored: /home/rasp/Desktop/Leg/install/Leg/share/Leg/meshes/Leg_2.STL
[2.268s] DEBUG:colcon.colcon_core.task.python.build:While undoing a previous installation files outside the Python library path are being ignored: /home/rasp/Desktop/Leg/install/Leg/share/Leg/meshes/Leg_1.STL
[2.268s] DEBUG:colcon.colcon_core.task.python.build:While undoing a previous installation files outside the Python library path are being ignored: /home/rasp/Desktop/Leg/install/Leg/share/Leg/worlds
[2.268s] DEBUG:colcon.colcon_core.task.python.build:While undoing a previous installation files outside the Python library path are being ignored: /home/rasp/Desktop/Leg/install/Leg/share/Leg/config/leg_controllers.yaml
[2.272s] DEBUG:colcon.colcon_core.event_handler.log_command:Invoking command in '/home/rasp/Desktop/Leg/build/Leg': DEBUGINFOD_URLS=https://debuginfod.ubuntu.com PYTHONPATH=/home/rasp/Desktop/Leg/build/Leg/prefix_override:/usr/lib/python3/dist-packages/colcon_core/task/python/colcon_distutils_commands:/home/rasp/Desktop/Leg/install/Leg/lib/python3.12/site-packages:${PYTHONPATH} /usr/bin/python3 -W ignore:setup.py install is deprecated -W ignore:easy_install command is deprecated setup.py develop --editable --build-directory /home/rasp/Desktop/Leg/build/Leg/build --no-deps symlink_data --force
[3.369s] Level 1:colcon.colcon_core.shell:create_environment_hook('Leg', 'pythonpath_develop')
[3.369s] INFO:colcon.colcon_core.shell:Creating environment hook '/home/rasp/Desktop/Leg/build/Leg/share/Leg/hook/pythonpath_develop.ps1'
[3.369s] DEBUG:colcon.colcon_core.event_handler.log_command:Invoked command in '/home/rasp/Desktop/Leg/build/Leg' returned '0': DEBUGINFOD_URLS=https://debuginfod.ubuntu.com PYTHONPATH=/home/rasp/Desktop/Leg/build/Leg/prefix_override:/usr/lib/python3/dist-packages/colcon_core/task/python/colcon_distutils_commands:/home/rasp/Desktop/Leg/install/Leg/lib/python3.12/site-packages:${PYTHONPATH} /usr/bin/python3 -W ignore:setup.py install is deprecated -W ignore:easy_install command is deprecated setup.py develop --editable --build-directory /home/rasp/Desktop/Leg/build/Leg/build --no-deps symlink_data --force
[3.371s] INFO:colcon.colcon_core.shell:Creating environment descriptor '/home/rasp/Desktop/Leg/build/Leg/share/Leg/hook/pythonpath_develop.dsv'
[3.378s] INFO:colcon.colcon_core.shell:Creating environment hook '/home/rasp/Desktop/Leg/build/Leg/share/Leg/hook/pythonpath_develop.sh'
[3.382s] Level 1:colcon.colcon_core.environment:checking '/home/rasp/Desktop/Leg/install/Leg' for CMake module files
[3.388s] Level 1:colcon.colcon_core.environment:checking '/home/rasp/Desktop/Leg/install/Leg' for CMake config files
[3.390s] Level 1:colcon.colcon_core.environment:checking '/home/rasp/Desktop/Leg/install/Leg/lib'
[3.390s] Level 1:colcon.colcon_core.environment:checking '/home/rasp/Desktop/Leg/install/Leg/bin'
[3.390s] Level 1:colcon.colcon_core.environment:checking '/home/rasp/Desktop/Leg/install/Leg/lib/pkgconfig/Leg.pc'
[3.391s] Level 1:colcon.colcon_core.environment:checking '/home/rasp/Desktop/Leg/install/Leg/lib/python3.12/site-packages'
[3.399s] Level 1:colcon.colcon_core.shell:create_environment_hook('Leg', 'pythonpath')
[3.399s] INFO:colcon.colcon_core.shell:Creating environment hook '/home/rasp/Desktop/Leg/install/Leg/share/Leg/hook/pythonpath.ps1'
[3.400s] INFO:colcon.colcon_core.shell:Creating environment descriptor '/home/rasp/Desktop/Leg/install/Leg/share/Leg/hook/pythonpath.dsv'
[3.401s] INFO:colcon.colcon_core.shell:Creating environment hook '/home/rasp/Desktop/Leg/install/Leg/share/Leg/hook/pythonpath.sh'
[3.402s] Level 1:colcon.colcon_core.environment:checking '/home/rasp/Desktop/Leg/install/Leg/bin'
[3.402s] Level 1:colcon.colcon_core.environment:create_environment_scripts_only(Leg)
[3.403s] INFO:colcon.colcon_core.shell:Creating package script '/home/rasp/Desktop/Leg/install/Leg/share/Leg/package.ps1'
[3.404s] INFO:colcon.colcon_core.shell:Creating package descriptor '/home/rasp/Desktop/Leg/install/Leg/share/Leg/package.dsv'
[3.405s] INFO:colcon.colcon_core.shell:Creating package script '/home/rasp/Desktop/Leg/install/Leg/share/Leg/package.sh'
[3.406s] INFO:colcon.colcon_core.shell:Creating package script '/home/rasp/Desktop/Leg/install/Leg/share/Leg/package.bash'
[3.408s] INFO:colcon.colcon_core.shell:Creating package script '/home/rasp/Desktop/Leg/install/Leg/share/Leg/package.zsh'
[3.410s] Level 1:colcon.colcon_core.environment:create_file_with_runtime_dependencies(/home/rasp/Desktop/Leg/install/Leg/share/colcon-core/packages/Leg)
[3.411s] DEBUG:colcon.colcon_parallel_executor.executor.parallel:closing loop
[3.412s] DEBUG:colcon.colcon_parallel_executor.executor.parallel:loop closed
[3.412s] DEBUG:colcon.colcon_parallel_executor.executor.parallel:run_until_complete finished with '0'
[3.412s] DEBUG:colcon.colcon_core.event_reactor:joining thread
[3.422s] INFO:colcon.colcon_core.plugin_system:Skipping extension 'colcon_notification.desktop_notification.terminal_notifier': Not used on non-Darwin systems
[3.422s] INFO:colcon.colcon_core.plugin_system:Skipping extension 'colcon_notification.desktop_notification.win32': Not used on non-Windows systems
[3.422s] INFO:colcon.colcon_notification.desktop_notification:Sending desktop notification using 'notify2'
[3.451s] DEBUG:colcon.colcon_core.event_reactor:joined thread
[3.452s] INFO:colcon.colcon_core.shell:Creating prefix script '/home/rasp/Desktop/Leg/install/local_setup.ps1'
[3.454s] INFO:colcon.colcon_core.shell:Creating prefix util module '/home/rasp/Desktop/Leg/install/_local_setup_util_ps1.py'
[3.460s] INFO:colcon.colcon_core.shell:Creating prefix chain script '/home/rasp/Desktop/Leg/install/setup.ps1'
[3.463s] INFO:colcon.colcon_core.shell:Creating prefix script '/home/rasp/Desktop/Leg/install/local_setup.sh'
[3.465s] INFO:colcon.colcon_core.shell:Creating prefix util module '/home/rasp/Desktop/Leg/install/_local_setup_util_sh.py'
[3.466s] INFO:colcon.colcon_core.shell:Creating prefix chain script '/home/rasp/Desktop/Leg/install/setup.sh'
[3.469s] INFO:colcon.colcon_core.shell:Creating prefix script '/home/rasp/Desktop/Leg/install/local_setup.bash'
[3.470s] INFO:colcon.colcon_core.shell:Creating prefix chain script '/home/rasp/Desktop/Leg/install/setup.bash'
[3.473s] INFO:colcon.colcon_core.shell:Creating prefix script '/home/rasp/Desktop/Leg/install/local_setup.zsh'
[3.474s] INFO:colcon.colcon_core.shell:Creating prefix chain script '/home/rasp/Desktop/Leg/install/setup.zsh'
