[1.865s] Invoking command in '/home/rasp/Desktop/Leg': DEBUGINFOD_URLS=https://debuginfod.ubuntu.com PYTHONPATH=/home/rasp/Desktop/Leg/build/Leg/prefix_override:/usr/lib/python3/dist-packages/colcon_core/task/python/colcon_distutils_commands:/home/rasp/Desktop/Leg/install/Leg/lib/python3.12/site-packages:${PYTHONPATH} /usr/bin/python3 -W ignore:setup.py install is deprecated -W ignore:easy_install command is deprecated setup.py egg_info --egg-base build/Leg build --build-base /home/rasp/Desktop/Leg/build/Leg/build install --record /home/rasp/Desktop/Leg/build/Leg/install.log --single-version-externally-managed install_data
[2.252s] running egg_info
[2.280s] writing build/Leg/Leg.egg-info/PKG-INFO
[2.284s] writing dependency_links to build/Leg/Leg.egg-info/dependency_links.txt
[2.284s] writing entry points to build/Leg/Leg.egg-info/entry_points.txt
[2.284s] writing requirements to build/Leg/Leg.egg-info/requires.txt
[2.284s] writing top-level names to build/Leg/Leg.egg-info/top_level.txt
[2.345s] reading manifest file 'build/Leg/Leg.egg-info/SOURCES.txt'
[2.348s] writing manifest file 'build/Leg/Leg.egg-info/SOURCES.txt'
[2.348s] running build
[2.348s] running build_py
[2.348s] copying Leg/action_player.py -> /home/rasp/Desktop/Leg/build/Leg/build/lib/Leg
[2.350s] running install
[2.359s] running install_lib
[2.387s] copying /home/rasp/Desktop/Leg/build/Leg/build/lib/Leg/action_player.py -> /home/rasp/Desktop/Leg/install/Leg/lib/python3.12/site-packages/Leg
[2.388s] byte-compiling /home/rasp/Desktop/Leg/install/Leg/lib/python3.12/site-packages/Leg/action_player.py to action_player.cpython-312.pyc
[2.391s] running install_data
[2.391s] running install_egg_info
[2.423s] removing '/home/rasp/Desktop/Leg/install/Leg/lib/python3.12/site-packages/Leg-0.0.0-py3.12.egg-info' (and everything under it)
[2.425s] Copying build/Leg/Leg.egg-info to /home/rasp/Desktop/Leg/install/Leg/lib/python3.12/site-packages/Leg-0.0.0-py3.12.egg-info
[2.448s] running install_scripts
[2.652s] Installing action_player script to /home/rasp/Desktop/Leg/install/Leg/lib/Leg
[2.652s] writing list of installed files to '/home/rasp/Desktop/Leg/build/Leg/install.log'
[2.737s] Invoked command in '/home/rasp/Desktop/Leg' returned '0': DEBUGINFOD_URLS=https://debuginfod.ubuntu.com PYTHONPATH=/home/rasp/Desktop/Leg/build/Leg/prefix_override:/usr/lib/python3/dist-packages/colcon_core/task/python/colcon_distutils_commands:/home/rasp/Desktop/Leg/install/Leg/lib/python3.12/site-packages:${PYTHONPATH} /usr/bin/python3 -W ignore:setup.py install is deprecated -W ignore:easy_install command is deprecated setup.py egg_info --egg-base build/Leg build --build-base /home/rasp/Desktop/Leg/build/Leg/build install --record /home/rasp/Desktop/Leg/build/Leg/install.log --single-version-externally-managed install_data
