[1.204s] Invoking command in '/home/rasp/Desktop/Leg/build/Leg': DEBUGINFOD_URLS=https://debuginfod.ubuntu.com PYTHONPATH=/home/rasp/Desktop/Leg/build/Leg/prefix_override:/usr/lib/python3/dist-packages/colcon_core/task/python/colcon_distutils_commands:/home/rasp/Desktop/Leg/install/Leg/lib/python3.12/site-packages:${PYTHONPATH} /usr/bin/python3 -W ignore:setup.py install is deprecated -W ignore:easy_install command is deprecated setup.py develop --uninstall --editable --build-directory /home/rasp/Desktop/Leg/build/Leg/build
[1.628s] running develop
[1.895s] Removing /home/rasp/Desktop/Leg/install/Leg/lib/python3.12/site-packages/Leg.egg-link (link to .)
[1.979s] Invoked command in '/home/rasp/Desktop/Leg/build/Leg' returned '0': DEBUGINFOD_URLS=https://debuginfod.ubuntu.com PYTHONPATH=/home/rasp/Desktop/Leg/build/Leg/prefix_override:/usr/lib/python3/dist-packages/colcon_core/task/python/colcon_distutils_commands:/home/rasp/Desktop/Leg/install/Leg/lib/python3.12/site-packages:${PYTHONPATH} /usr/bin/python3 -W ignore:setup.py install is deprecated -W ignore:easy_install command is deprecated setup.py develop --uninstall --editable --build-directory /home/rasp/Desktop/Leg/build/Leg/build
[1.982s] Invoking command in '/home/rasp/Desktop/Leg': DEBUGINFOD_URLS=https://debuginfod.ubuntu.com PYTHONPATH=/home/rasp/Desktop/Leg/build/Leg/prefix_override:/usr/lib/python3/dist-packages/colcon_core/task/python/colcon_distutils_commands:/home/rasp/Desktop/Leg/install/Leg/lib/python3.12/site-packages:${PYTHONPATH} /usr/bin/python3 -W ignore:setup.py install is deprecated -W ignore:easy_install command is deprecated setup.py egg_info --egg-base build/Leg build --build-base /home/rasp/Desktop/Leg/build/Leg/build install --record /home/rasp/Desktop/Leg/build/Leg/install.log --single-version-externally-managed install_data --force
[2.347s] running egg_info
[2.373s] writing build/Leg/Leg.egg-info/PKG-INFO
[2.373s] writing dependency_links to build/Leg/Leg.egg-info/dependency_links.txt
[2.380s] writing requirements to build/Leg/Leg.egg-info/requires.txt
[2.380s] writing top-level names to build/Leg/Leg.egg-info/top_level.txt
[2.435s] reading manifest file 'build/Leg/Leg.egg-info/SOURCES.txt'
[2.436s] writing manifest file 'build/Leg/Leg.egg-info/SOURCES.txt'
[2.436s] running build
[2.436s] running build_py
[2.437s] running install
[2.446s] running install_lib
[2.472s] creating /home/rasp/Desktop/Leg/install/Leg/lib/python3.12/site-packages/Leg
[2.472s] copying /home/rasp/Desktop/Leg/build/Leg/build/lib/Leg/__init__.py -> /home/rasp/Desktop/Leg/install/Leg/lib/python3.12/site-packages/Leg
[2.473s] byte-compiling /home/rasp/Desktop/Leg/install/Leg/lib/python3.12/site-packages/Leg/__init__.py to __init__.cpython-312.pyc
[2.473s] running install_data
[2.473s] copying resource/Leg -> /home/rasp/Desktop/Leg/install/Leg/share/ament_index/resource_index/packages
[2.474s] copying package.xml -> /home/rasp/Desktop/Leg/install/Leg/share/Leg
[2.474s] copying launch/display.launch.py -> /home/rasp/Desktop/Leg/install/Leg/share/Leg/launch
[2.474s] copying launch/gazebo.launch.py -> /home/rasp/Desktop/Leg/install/Leg/share/Leg/launch
[2.474s] copying urdf/Leg.urdf -> /home/rasp/Desktop/Leg/install/Leg/share/Leg/urdf
[2.474s] copying meshes/Leg_4.STL -> /home/rasp/Desktop/Leg/install/Leg/share/Leg/meshes
[2.475s] copying meshes/Leg_3.STL -> /home/rasp/Desktop/Leg/install/Leg/share/Leg/meshes
[2.476s] copying meshes/base_link.STL -> /home/rasp/Desktop/Leg/install/Leg/share/Leg/meshes
[2.479s] copying meshes/Leg_2.STL -> /home/rasp/Desktop/Leg/install/Leg/share/Leg/meshes
[2.480s] copying meshes/Leg_1.STL -> /home/rasp/Desktop/Leg/install/Leg/share/Leg/meshes
[2.482s] running install_egg_info
[2.510s] Copying build/Leg/Leg.egg-info to /home/rasp/Desktop/Leg/install/Leg/lib/python3.12/site-packages/Leg-0.0.0-py3.12.egg-info
[2.511s] running install_scripts
[2.693s] writing list of installed files to '/home/rasp/Desktop/Leg/build/Leg/install.log'
[2.768s] Invoked command in '/home/rasp/Desktop/Leg' returned '0': DEBUGINFOD_URLS=https://debuginfod.ubuntu.com PYTHONPATH=/home/rasp/Desktop/Leg/build/Leg/prefix_override:/usr/lib/python3/dist-packages/colcon_core/task/python/colcon_distutils_commands:/home/rasp/Desktop/Leg/install/Leg/lib/python3.12/site-packages:${PYTHONPATH} /usr/bin/python3 -W ignore:setup.py install is deprecated -W ignore:easy_install command is deprecated setup.py egg_info --egg-base build/Leg build --build-base /home/rasp/Desktop/Leg/build/Leg/build install --record /home/rasp/Desktop/Leg/build/Leg/install.log --single-version-externally-managed install_data --force
