[1.813s] Invoking command in '/home/rasp/Desktop/Leg': DEBUGINFOD_URLS=https://debuginfod.ubuntu.com PYTHONPATH=/home/rasp/Desktop/Leg/build/Leg/prefix_override:/usr/lib/python3/dist-packages/colcon_core/task/python/colcon_distutils_commands:/home/rasp/Desktop/Leg/install/Leg/lib/python3.12/site-packages:${PYTHONPATH} /usr/bin/python3 -W ignore:setup.py install is deprecated -W ignore:easy_install command is deprecated setup.py egg_info --egg-base build/Leg build --build-base /home/rasp/Desktop/Leg/build/Leg/build install --record /home/rasp/Desktop/Leg/build/Leg/install.log --single-version-externally-managed install_data
[2.195s] running egg_info
[2.222s] writing build/Leg/Leg.egg-info/PKG-INFO
[2.226s] writing dependency_links to build/Leg/Leg.egg-info/dependency_links.txt
[2.226s] writing requirements to build/Leg/Leg.egg-info/requires.txt
[2.227s] writing top-level names to build/Leg/Leg.egg-info/top_level.txt
[2.283s] reading manifest file 'build/Leg/Leg.egg-info/SOURCES.txt'
[2.285s] writing manifest file 'build/Leg/Leg.egg-info/SOURCES.txt'
[2.288s] running build
[2.289s] running build_py
[2.289s] running install
[2.296s] running install_lib
[2.326s] running install_data
[2.327s] copying urdf/Leg.urdf -> /home/rasp/Desktop/Leg/install/Leg/share/Leg/urdf
[2.328s] running install_egg_info
[2.357s] removing '/home/rasp/Desktop/Leg/install/Leg/lib/python3.12/site-packages/Leg-0.0.0-py3.12.egg-info' (and everything under it)
[2.358s] Copying build/Leg/Leg.egg-info to /home/rasp/Desktop/Leg/install/Leg/lib/python3.12/site-packages/Leg-0.0.0-py3.12.egg-info
[2.380s] running install_scripts
[2.574s] writing list of installed files to '/home/rasp/Desktop/Leg/build/Leg/install.log'
[2.655s] Invoked command in '/home/rasp/Desktop/Leg' returned '0': DEBUGINFOD_URLS=https://debuginfod.ubuntu.com PYTHONPATH=/home/rasp/Desktop/Leg/build/Leg/prefix_override:/usr/lib/python3/dist-packages/colcon_core/task/python/colcon_distutils_commands:/home/rasp/Desktop/Leg/install/Leg/lib/python3.12/site-packages:${PYTHONPATH} /usr/bin/python3 -W ignore:setup.py install is deprecated -W ignore:easy_install command is deprecated setup.py egg_info --egg-base build/Leg build --build-base /home/rasp/Desktop/Leg/build/Leg/build install --record /home/rasp/Desktop/Leg/build/Leg/install.log --single-version-externally-managed install_data
