[1.361s] Invoking command in '/home/rasp/Desktop/Leg/build/Leg': DEBUGINFOD_URLS=https://debuginfod.ubuntu.com PYTHONPATH=/home/rasp/Desktop/Leg/build/Leg/prefix_override:/usr/lib/python3/dist-packages/colcon_core/task/python/colcon_distutils_commands:/home/rasp/Desktop/Leg/install/Leg/lib/python3.12/site-packages:${PYTHONPATH} /usr/bin/python3 -W ignore:setup.py install is deprecated -W ignore:easy_install command is deprecated setup.py develop --editable --build-directory /home/rasp/Desktop/Leg/build/Leg/build --no-deps symlink_data --force
[1.865s] running develop
[2.148s] running egg_info
[2.176s] writing Leg.egg-info/PKG-INFO
[2.180s] writing dependency_links to Leg.egg-info/dependency_links.txt
[2.182s] writing requirements to Leg.egg-info/requires.txt
[2.182s] writing top-level names to Leg.egg-info/top_level.txt
[2.247s] reading manifest file 'Leg.egg-info/SOURCES.txt'
[2.248s] writing manifest file 'Leg.egg-info/SOURCES.txt'
[2.278s] running build_ext
[2.278s] Creating /home/rasp/Desktop/Leg/install/Leg/lib/python3.12/site-packages/Leg.egg-link (link to .)
[2.285s] 
[2.285s] Installed /home/rasp/Desktop/Leg/build/Leg
[2.286s] running symlink_data
[2.288s] symbolically linking /home/rasp/Desktop/Leg/build/Leg/resource/Leg -> /home/rasp/Desktop/Leg/install/Leg/share/ament_index/resource_index/packages
[2.289s] symbolically linking /home/rasp/Desktop/Leg/build/Leg/package.xml -> /home/rasp/Desktop/Leg/install/Leg/share/Leg
[2.289s] symbolically linking /home/rasp/Desktop/Leg/build/Leg/launch/display.launch.py -> /home/rasp/Desktop/Leg/install/Leg/share/Leg/launch
[2.289s] symbolically linking /home/rasp/Desktop/Leg/build/Leg/launch/gazebo.launch.py -> /home/rasp/Desktop/Leg/install/Leg/share/Leg/launch
[2.290s] symbolically linking /home/rasp/Desktop/Leg/build/Leg/urdf/Leg.urdf -> /home/rasp/Desktop/Leg/install/Leg/share/Leg/urdf
[2.290s] symbolically linking /home/rasp/Desktop/Leg/build/Leg/meshes/Leg_4.STL -> /home/rasp/Desktop/Leg/install/Leg/share/Leg/meshes
[2.290s] symbolically linking /home/rasp/Desktop/Leg/build/Leg/meshes/Leg_3.STL -> /home/rasp/Desktop/Leg/install/Leg/share/Leg/meshes
[2.292s] symbolically linking /home/rasp/Desktop/Leg/build/Leg/meshes/base_link.STL -> /home/rasp/Desktop/Leg/install/Leg/share/Leg/meshes
[2.293s] symbolically linking /home/rasp/Desktop/Leg/build/Leg/meshes/Leg_2.STL -> /home/rasp/Desktop/Leg/install/Leg/share/Leg/meshes
[2.293s] symbolically linking /home/rasp/Desktop/Leg/build/Leg/meshes/Leg_1.STL -> /home/rasp/Desktop/Leg/install/Leg/share/Leg/meshes
[2.293s] creating /home/rasp/Desktop/Leg/install/Leg/share/Leg/config
[2.293s] error: [Errno 2] No such file or directory: '/home/rasp/Desktop/Leg/install/Leg/share/Leg/config/leg_controllers.yaml'
[2.397s] Invoked command in '/home/rasp/Desktop/Leg/build/Leg' returned '1': DEBUGINFOD_URLS=https://debuginfod.ubuntu.com PYTHONPATH=/home/rasp/Desktop/Leg/build/Leg/prefix_override:/usr/lib/python3/dist-packages/colcon_core/task/python/colcon_distutils_commands:/home/rasp/Desktop/Leg/install/Leg/lib/python3.12/site-packages:${PYTHONPATH} /usr/bin/python3 -W ignore:setup.py install is deprecated -W ignore:easy_install command is deprecated setup.py develop --editable --build-directory /home/rasp/Desktop/Leg/build/Leg/build --no-deps symlink_data --force
