[1.942s] Invoking command in '/home/rasp/Desktop/Leg/build/Leg': DEBUGINFOD_URLS=https://debuginfod.ubuntu.com PYTHONPATH=/home/rasp/Desktop/Leg/build/Leg/prefix_override:/usr/lib/python3/dist-packages/colcon_core/task/python/colcon_distutils_commands:/home/rasp/Desktop/Leg/install/Leg/lib/python3.12/site-packages:${PYTHONPATH} /usr/bin/python3 -W ignore:setup.py install is deprecated -W ignore:easy_install command is deprecated setup.py develop --uninstall --editable --build-directory /home/rasp/Desktop/Leg/build/Leg/build
[2.410s] running develop
[2.712s] Removing /home/rasp/Desktop/Leg/install/Leg/lib/python3.12/site-packages/Leg.egg-link (link to .)
[2.808s] Invoked command in '/home/rasp/Desktop/Leg/build/Leg' returned '0': DEBUGINFOD_URLS=https://debuginfod.ubuntu.com PYTHONPATH=/home/rasp/Desktop/Leg/build/Leg/prefix_override:/usr/lib/python3/dist-packages/colcon_core/task/python/colcon_distutils_commands:/home/rasp/Desktop/Leg/install/Leg/lib/python3.12/site-packages:${PYTHONPATH} /usr/bin/python3 -W ignore:setup.py install is deprecated -W ignore:easy_install command is deprecated setup.py develop --uninstall --editable --build-directory /home/rasp/Desktop/Leg/build/Leg/build
[2.811s] Invoking command in '/home/rasp/Desktop/Leg': DEBUGINFOD_URLS=https://debuginfod.ubuntu.com PYTHONPATH=/home/rasp/Desktop/Leg/build/Leg/prefix_override:/usr/lib/python3/dist-packages/colcon_core/task/python/colcon_distutils_commands:/home/rasp/Desktop/Leg/install/Leg/lib/python3.12/site-packages:${PYTHONPATH} /usr/bin/python3 -W ignore:setup.py install is deprecated -W ignore:easy_install command is deprecated setup.py egg_info --egg-base build/Leg build --build-base /home/rasp/Desktop/Leg/build/Leg/build install --record /home/rasp/Desktop/Leg/build/Leg/install.log --single-version-externally-managed install_data --force
[3.223s] running egg_info
[3.254s] writing build/Leg/Leg.egg-info/PKG-INFO
[3.255s] writing dependency_links to build/Leg/Leg.egg-info/dependency_links.txt
[3.255s] writing requirements to build/Leg/Leg.egg-info/requires.txt
[3.256s] writing top-level names to build/Leg/Leg.egg-info/top_level.txt
[3.319s] reading manifest file 'build/Leg/Leg.egg-info/SOURCES.txt'
[3.326s] writing manifest file 'build/Leg/Leg.egg-info/SOURCES.txt'
[3.326s] running build
[3.327s] running build_py
[3.327s] running install
[3.338s] running install_lib
[3.369s] creating /home/rasp/Desktop/Leg/install/Leg/lib/python3.12/site-packages/Leg
[3.370s] copying /home/rasp/Desktop/Leg/build/Leg/build/lib/Leg/__init__.py -> /home/rasp/Desktop/Leg/install/Leg/lib/python3.12/site-packages/Leg
[3.372s] byte-compiling /home/rasp/Desktop/Leg/install/Leg/lib/python3.12/site-packages/Leg/__init__.py to __init__.cpython-312.pyc
[3.372s] running install_data
[3.374s] copying resource/Leg -> /home/rasp/Desktop/Leg/install/Leg/share/ament_index/resource_index/packages
[3.374s] copying package.xml -> /home/rasp/Desktop/Leg/install/Leg/share/Leg
[3.375s] copying launch/display.launch.py -> /home/rasp/Desktop/Leg/install/Leg/share/Leg/launch
[3.375s] copying launch/gazebo.launch.py -> /home/rasp/Desktop/Leg/install/Leg/share/Leg/launch
[3.376s] copying urdf/Leg.urdf -> /home/rasp/Desktop/Leg/install/Leg/share/Leg/urdf
[3.376s] copying meshes/Leg_4.STL -> /home/rasp/Desktop/Leg/install/Leg/share/Leg/meshes
[3.378s] copying meshes/Leg_3.STL -> /home/rasp/Desktop/Leg/install/Leg/share/Leg/meshes
[3.385s] copying meshes/base_link.STL -> /home/rasp/Desktop/Leg/install/Leg/share/Leg/meshes
[3.410s] copying meshes/Leg_2.STL -> /home/rasp/Desktop/Leg/install/Leg/share/Leg/meshes
[3.420s] copying meshes/Leg_1.STL -> /home/rasp/Desktop/Leg/install/Leg/share/Leg/meshes
[3.437s] copying config/leg_controllers.yaml -> /home/rasp/Desktop/Leg/install/Leg/share/Leg/config
[3.439s] running install_egg_info
[3.472s] Copying build/Leg/Leg.egg-info to /home/rasp/Desktop/Leg/install/Leg/lib/python3.12/site-packages/Leg-0.0.0-py3.12.egg-info
[3.513s] running install_scripts
[3.722s] writing list of installed files to '/home/rasp/Desktop/Leg/build/Leg/install.log'
[3.809s] Invoked command in '/home/rasp/Desktop/Leg' returned '0': DEBUGINFOD_URLS=https://debuginfod.ubuntu.com PYTHONPATH=/home/rasp/Desktop/Leg/build/Leg/prefix_override:/usr/lib/python3/dist-packages/colcon_core/task/python/colcon_distutils_commands:/home/rasp/Desktop/Leg/install/Leg/lib/python3.12/site-packages:${PYTHONPATH} /usr/bin/python3 -W ignore:setup.py install is deprecated -W ignore:easy_install command is deprecated setup.py egg_info --egg-base build/Leg build --build-base /home/rasp/Desktop/Leg/build/Leg/build install --record /home/rasp/Desktop/Leg/build/Leg/install.log --single-version-externally-managed install_data --force
