[1.764s] Invoking command in '/home/rasp/Desktop/Leg': DEBUGINFOD_URLS=https://debuginfod.ubuntu.com PYTHONPATH=/home/rasp/Desktop/Leg/build/Leg/prefix_override:/usr/lib/python3/dist-packages/colcon_core/task/python/colcon_distutils_commands:/home/rasp/Desktop/Leg/install/Leg/lib/python3.12/site-packages:${PYTHONPATH} /usr/bin/python3 -W ignore:setup.py install is deprecated -W ignore:easy_install command is deprecated setup.py egg_info --egg-base build/Leg build --build-base /home/rasp/Desktop/Leg/build/Leg/build install --record /home/rasp/Desktop/Leg/build/Leg/install.log --single-version-externally-managed install_data
[2.149s] running egg_info
[2.176s] writing build/Leg/Leg.egg-info/PKG-INFO
[2.179s] writing dependency_links to build/Leg/Leg.egg-info/dependency_links.txt
[2.179s] writing requirements to build/Leg/Leg.egg-info/requires.txt
[2.179s] writing top-level names to build/Leg/Leg.egg-info/top_level.txt
[2.235s] reading manifest file 'build/Leg/Leg.egg-info/SOURCES.txt'
[2.238s] writing manifest file 'build/Leg/Leg.egg-info/SOURCES.txt'
[2.238s] running build
[2.238s] running build_py
[2.238s] running install
[2.248s] running install_lib
[2.282s] running install_data
[2.282s] copying launch/gazebo.launch.py -> /home/rasp/Desktop/Leg/install/Leg/share/Leg/launch
[2.282s] copying urdf/Leg.urdf -> /home/rasp/Desktop/Leg/install/Leg/share/Leg/urdf
[2.282s] running install_egg_info
[2.309s] removing '/home/rasp/Desktop/Leg/install/Leg/lib/python3.12/site-packages/Leg-0.0.0-py3.12.egg-info' (and everything under it)
[2.315s] Copying build/Leg/Leg.egg-info to /home/rasp/Desktop/Leg/install/Leg/lib/python3.12/site-packages/Leg-0.0.0-py3.12.egg-info
[2.333s] running install_scripts
[2.537s] writing list of installed files to '/home/rasp/Desktop/Leg/build/Leg/install.log'
[2.615s] Invoked command in '/home/rasp/Desktop/Leg' returned '0': DEBUGINFOD_URLS=https://debuginfod.ubuntu.com PYTHONPATH=/home/rasp/Desktop/Leg/build/Leg/prefix_override:/usr/lib/python3/dist-packages/colcon_core/task/python/colcon_distutils_commands:/home/rasp/Desktop/Leg/install/Leg/lib/python3.12/site-packages:${PYTHONPATH} /usr/bin/python3 -W ignore:setup.py install is deprecated -W ignore:easy_install command is deprecated setup.py egg_info --egg-base build/Leg build --build-base /home/rasp/Desktop/Leg/build/Leg/build install --record /home/rasp/Desktop/Leg/build/Leg/install.log --single-version-externally-managed install_data
