[1.247s] Invoking command in '/home/rasp/Desktop/Leg': DEBUGINFOD_URLS=https://debuginfod.ubuntu.com PYTHONPATH=/home/rasp/Desktop/Leg/build/Leg/prefix_override:/usr/lib/python3/dist-packages/colcon_core/task/python/colcon_distutils_commands:/home/rasp/Desktop/Leg/install/Leg/lib/python3.12/site-packages:${PYTHONPATH} /usr/bin/python3 -W ignore:setup.py install is deprecated -W ignore:easy_install command is deprecated setup.py egg_info --egg-base build/Leg build --build-base /home/rasp/Desktop/Leg/build/Leg/build install --record /home/rasp/Desktop/Leg/build/Leg/install.log --single-version-externally-managed install_data
[1.623s] running egg_info
[1.651s] writing build/Leg/Leg.egg-info/PKG-INFO
[1.651s] writing dependency_links to build/Leg/Leg.egg-info/dependency_links.txt
[1.657s] writing entry points to build/Leg/Leg.egg-info/entry_points.txt
[1.658s] writing requirements to build/Leg/Leg.egg-info/requires.txt
[1.659s] writing top-level names to build/Leg/Leg.egg-info/top_level.txt
[1.717s] reading manifest file 'build/Leg/Leg.egg-info/SOURCES.txt'
[1.718s] writing manifest file 'build/Leg/Leg.egg-info/SOURCES.txt'
[1.719s] running build
[1.719s] running build_py
[1.719s] running install
[1.729s] running install_lib
[1.756s] running install_data
[1.757s] running install_egg_info
[1.786s] removing '/home/rasp/Desktop/Leg/install/Leg/lib/python3.12/site-packages/Leg-0.0.0-py3.12.egg-info' (and everything under it)
[1.786s] Copying build/Leg/Leg.egg-info to /home/rasp/Desktop/Leg/install/Leg/lib/python3.12/site-packages/Leg-0.0.0-py3.12.egg-info
[1.787s] running install_scripts
[1.976s] Installing action_player script to /home/rasp/Desktop/Leg/install/Leg/lib/Leg
[1.976s] writing list of installed files to '/home/rasp/Desktop/Leg/build/Leg/install.log'
[2.063s] Invoked command in '/home/rasp/Desktop/Leg' returned '0': DEBUGINFOD_URLS=https://debuginfod.ubuntu.com PYTHONPATH=/home/rasp/Desktop/Leg/build/Leg/prefix_override:/usr/lib/python3/dist-packages/colcon_core/task/python/colcon_distutils_commands:/home/rasp/Desktop/Leg/install/Leg/lib/python3.12/site-packages:${PYTHONPATH} /usr/bin/python3 -W ignore:setup.py install is deprecated -W ignore:easy_install command is deprecated setup.py egg_info --egg-base build/Leg build --build-base /home/rasp/Desktop/Leg/build/Leg/build install --record /home/rasp/Desktop/Leg/build/Leg/install.log --single-version-externally-managed install_data
