[1.274s] Invoking command in '/home/rasp/Desktop/Leg/build/Leg': DEBUGINFOD_URLS=https://debuginfod.ubuntu.com PYTHONPATH=/home/rasp/Desktop/Leg/build/Leg/prefix_override:/usr/lib/python3/dist-packages/colcon_core/task/python/colcon_distutils_commands:/home/rasp/Desktop/Leg/install/Leg/lib/python3.12/site-packages:${PYTHONPATH} /usr/bin/python3 -W ignore:setup.py install is deprecated -W ignore:easy_install command is deprecated setup.py develop --editable --build-directory /home/rasp/Desktop/Leg/build/Leg/build --no-deps symlink_data --force
[1.746s] running develop
[2.019s] running egg_info
[2.046s] writing Leg.egg-info/PKG-INFO
[2.047s] writing dependency_links to Leg.egg-info/dependency_links.txt
[2.052s] writing requirements to Leg.egg-info/requires.txt
[2.063s] writing top-level names to Leg.egg-info/top_level.txt
[2.140s] reading manifest file 'Leg.egg-info/SOURCES.txt'
[2.140s] writing manifest file 'Leg.egg-info/SOURCES.txt'
[2.171s] running build_ext
[2.171s] Creating /home/rasp/Desktop/Leg/install/Leg/lib/python3.12/site-packages/Leg.egg-link (link to .)
[2.172s] 
[2.172s] Installed /home/rasp/Desktop/Leg/build/Leg
[2.176s] running symlink_data
[2.179s] symbolically linking /home/rasp/Desktop/Leg/build/Leg/resource/Leg -> /home/rasp/Desktop/Leg/install/Leg/share/ament_index/resource_index/packages
[2.179s] symbolically linking /home/rasp/Desktop/Leg/build/Leg/package.xml -> /home/rasp/Desktop/Leg/install/Leg/share/Leg
[2.179s] symbolically linking /home/rasp/Desktop/Leg/build/Leg/launch/display.launch.py -> /home/rasp/Desktop/Leg/install/Leg/share/Leg/launch
[2.179s] symbolically linking /home/rasp/Desktop/Leg/build/Leg/launch/gazebo.launch.py -> /home/rasp/Desktop/Leg/install/Leg/share/Leg/launch
[2.179s] symbolically linking /home/rasp/Desktop/Leg/build/Leg/urdf/Leg.urdf -> /home/rasp/Desktop/Leg/install/Leg/share/Leg/urdf
[2.179s] symbolically linking /home/rasp/Desktop/Leg/build/Leg/meshes/Leg_4.STL -> /home/rasp/Desktop/Leg/install/Leg/share/Leg/meshes
[2.179s] symbolically linking /home/rasp/Desktop/Leg/build/Leg/meshes/Leg_3.STL -> /home/rasp/Desktop/Leg/install/Leg/share/Leg/meshes
[2.179s] symbolically linking /home/rasp/Desktop/Leg/build/Leg/meshes/base_link.STL -> /home/rasp/Desktop/Leg/install/Leg/share/Leg/meshes
[2.180s] symbolically linking /home/rasp/Desktop/Leg/build/Leg/meshes/Leg_2.STL -> /home/rasp/Desktop/Leg/install/Leg/share/Leg/meshes
[2.180s] symbolically linking /home/rasp/Desktop/Leg/build/Leg/meshes/Leg_1.STL -> /home/rasp/Desktop/Leg/install/Leg/share/Leg/meshes
[2.180s] symbolically linking /home/rasp/Desktop/Leg/build/Leg/config/leg_controllers.yaml -> /home/rasp/Desktop/Leg/install/Leg/share/Leg/config
[2.280s] Invoked command in '/home/rasp/Desktop/Leg/build/Leg' returned '0': DEBUGINFOD_URLS=https://debuginfod.ubuntu.com PYTHONPATH=/home/rasp/Desktop/Leg/build/Leg/prefix_override:/usr/lib/python3/dist-packages/colcon_core/task/python/colcon_distutils_commands:/home/rasp/Desktop/Leg/install/Leg/lib/python3.12/site-packages:${PYTHONPATH} /usr/bin/python3 -W ignore:setup.py install is deprecated -W ignore:easy_install command is deprecated setup.py develop --editable --build-directory /home/rasp/Desktop/Leg/build/Leg/build --no-deps symlink_data --force
