[1.318s] Invoking command in '/home/rasp/Desktop/Leg/build/Leg': DEBUGINFOD_URLS=https://debuginfod.ubuntu.com PYTHONPATH=/home/rasp/Desktop/Leg/build/Leg/prefix_override:/usr/lib/python3/dist-packages/colcon_core/task/python/colcon_distutils_commands:/home/rasp/Desktop/Leg/install/Leg/lib/python3.12/site-packages:${PYTHONPATH} /usr/bin/python3 -W ignore:setup.py install is deprecated -W ignore:easy_install command is deprecated setup.py develop --uninstall --editable --build-directory /home/rasp/Desktop/Leg/build/Leg/build
[1.774s] running develop
[2.064s] Removing /home/rasp/Desktop/Leg/install/Leg/lib/python3.12/site-packages/Leg.egg-link (link to .)
[2.155s] Invoked command in '/home/rasp/Desktop/Leg/build/Leg' returned '0': DEBUGINFOD_URLS=https://debuginfod.ubuntu.com PYTHONPATH=/home/rasp/Desktop/Leg/build/Leg/prefix_override:/usr/lib/python3/dist-packages/colcon_core/task/python/colcon_distutils_commands:/home/rasp/Desktop/Leg/install/Leg/lib/python3.12/site-packages:${PYTHONPATH} /usr/bin/python3 -W ignore:setup.py install is deprecated -W ignore:easy_install command is deprecated setup.py develop --uninstall --editable --build-directory /home/rasp/Desktop/Leg/build/Leg/build
[2.157s] Invoking command in '/home/rasp/Desktop/Leg': DEBUGINFOD_URLS=https://debuginfod.ubuntu.com PYTHONPATH=/home/rasp/Desktop/Leg/build/Leg/prefix_override:/usr/lib/python3/dist-packages/colcon_core/task/python/colcon_distutils_commands:/home/rasp/Desktop/Leg/install/Leg/lib/python3.12/site-packages:${PYTHONPATH} /usr/bin/python3 -W ignore:setup.py install is deprecated -W ignore:easy_install command is deprecated setup.py egg_info --egg-base build/Leg build --build-base /home/rasp/Desktop/Leg/build/Leg/build install --record /home/rasp/Desktop/Leg/build/Leg/install.log --single-version-externally-managed install_data --force
[2.548s] running egg_info
[2.576s] writing build/Leg/Leg.egg-info/PKG-INFO
[2.581s] writing dependency_links to build/Leg/Leg.egg-info/dependency_links.txt
[2.581s] writing requirements to build/Leg/Leg.egg-info/requires.txt
[2.581s] writing top-level names to build/Leg/Leg.egg-info/top_level.txt
[2.639s] reading manifest file 'build/Leg/Leg.egg-info/SOURCES.txt'
[2.647s] writing manifest file 'build/Leg/Leg.egg-info/SOURCES.txt'
[2.656s] running build
[2.656s] running build_py
[2.656s] running install
[2.670s] running install_lib
[2.697s] creating /home/rasp/Desktop/Leg/install/Leg/lib/python3.12/site-packages/Leg
[2.699s] copying /home/rasp/Desktop/Leg/build/Leg/build/lib/Leg/__init__.py -> /home/rasp/Desktop/Leg/install/Leg/lib/python3.12/site-packages/Leg
[2.699s] byte-compiling /home/rasp/Desktop/Leg/install/Leg/lib/python3.12/site-packages/Leg/__init__.py to __init__.cpython-312.pyc
[2.699s] running install_data
[2.700s] copying resource/Leg -> /home/rasp/Desktop/Leg/install/Leg/share/ament_index/resource_index/packages
[2.700s] copying package.xml -> /home/rasp/Desktop/Leg/install/Leg/share/Leg
[2.700s] copying launch/display.launch.py -> /home/rasp/Desktop/Leg/install/Leg/share/Leg/launch
[2.700s] copying launch/gazebo.launch.py -> /home/rasp/Desktop/Leg/install/Leg/share/Leg/launch
[2.700s] copying urdf/Leg.urdf -> /home/rasp/Desktop/Leg/install/Leg/share/Leg/urdf
[2.700s] copying meshes/Leg_4.STL -> /home/rasp/Desktop/Leg/install/Leg/share/Leg/meshes
[2.701s] copying meshes/Leg_3.STL -> /home/rasp/Desktop/Leg/install/Leg/share/Leg/meshes
[2.702s] copying meshes/base_link.STL -> /home/rasp/Desktop/Leg/install/Leg/share/Leg/meshes
[2.707s] copying meshes/Leg_2.STL -> /home/rasp/Desktop/Leg/install/Leg/share/Leg/meshes
[2.709s] copying meshes/Leg_1.STL -> /home/rasp/Desktop/Leg/install/Leg/share/Leg/meshes
[2.713s] copying config/leg_controllers.yaml -> /home/rasp/Desktop/Leg/install/Leg/share/Leg/config
[2.714s] running install_egg_info
[2.776s] Copying build/Leg/Leg.egg-info to /home/rasp/Desktop/Leg/install/Leg/lib/python3.12/site-packages/Leg-0.0.0-py3.12.egg-info
[2.808s] running install_scripts
[3.012s] writing list of installed files to '/home/rasp/Desktop/Leg/build/Leg/install.log'
[3.093s] Invoked command in '/home/rasp/Desktop/Leg' returned '0': DEBUGINFOD_URLS=https://debuginfod.ubuntu.com PYTHONPATH=/home/rasp/Desktop/Leg/build/Leg/prefix_override:/usr/lib/python3/dist-packages/colcon_core/task/python/colcon_distutils_commands:/home/rasp/Desktop/Leg/install/Leg/lib/python3.12/site-packages:${PYTHONPATH} /usr/bin/python3 -W ignore:setup.py install is deprecated -W ignore:easy_install command is deprecated setup.py egg_info --egg-base build/Leg build --build-base /home/rasp/Desktop/Leg/build/Leg/build install --record /home/rasp/Desktop/Leg/build/Leg/install.log --single-version-externally-managed install_data --force
